01-22-2026 17:20:51 WARNING  WirelessDesign: get_diff_merged: 26172: Iteration 1: No parameters found for ADD SSIDs. Skipping operation. 

01-22-2026 17:20:51 WARNING  WirelessDesign: get_diff_merged: 26172: Iteration 2: No parameters found for UPDATE SSIDs. Skipping operation. 

01-22-2026 17:20:51 WARNING  WirelessDesign: get_diff_merged: 26172: Iteration 3: No parameters found for ADD Interfaces. Skipping operation. 

01-22-2026 17:20:51 WARNING  WirelessDesign: get_diff_merged: 26172: Iteration 4: No parameters found for UPDATE Interfaces. Skipping operation. 

01-22-2026 17:20:51 WARNING  WirelessDesign: get_diff_merged: 26172: Iteration 5: No parameters found for ADD Power Profiles. Skipping operation. 

01-22-2026 17:20:51 WARNING  WirelessDesign: get_diff_merged: 26172: Iteration 6: No parameters found for UPDATE Power Profiles. Skipping operation. 

01-22-2026 17:20:51 WARNING  WirelessDesign: get_diff_merged: 26172: Iteration 7: No parameters found for ADD Access Point Profiles. Skipping operation. 

01-22-2026 17:20:51 WARNING  WirelessDesign: get_diff_merged: 26172: Iteration 8: No parameters found for UPDATE Access Point Profiles. Skipping operation. 

01-22-2026 17:20:51 WARNING  WirelessDesign: get_diff_merged: 26172: Iteration 9: No parameters found for ADD Radio Frequency Profiles. Skipping operation. 

01-22-2026 17:20:51 WARNING  WirelessDesign: get_diff_merged: 26172: Iteration 10: No parameters found for UPDATE Radio Frequency Profiles. Skipping operation. 

01-22-2026 17:20:51 WARNING  WirelessDesign: get_diff_merged: 26172: Iteration 11: No parameters found for ADD Anchor Groups. Skipping operation. 

01-22-2026 17:20:51 WARNING  WirelessDesign: get_diff_merged: 26172: Iteration 12: No parameters found for UPDATE Anchor Groups. Skipping operation. 

01-22-2026 17:20:51 WARNING  WirelessDesign: get_diff_merged: 26172: Iteration 13: No parameters found for ADD AAA Radius Attributes. Skipping operation. 

01-22-2026 17:20:51 WARNING  WirelessDesign: get_diff_merged: 26172: Iteration 14: No parameters found for UPDATE AAA Radius Attributes. Skipping operation. 

01-22-2026 17:20:51 WARNING  WirelessDesign: get_diff_merged: 26172: Iteration 15: No parameters found for ADD Advanced SSIDs. Skipping operation. 

01-22-2026 17:20:51 WARNING  WirelessDesign: get_diff_merged: 26172: Iteration 16: No parameters found for UPDATE Advanced SSIDs. Skipping operation. 

01-22-2026 17:20:51 WARNING  WirelessDesign: get_diff_merged: 26172: Iteration 17: No parameters found for ADD CleanAir Profiles. Skipping operation. 

01-22-2026 17:20:51 WARNING  WirelessDesign: get_diff_merged: 26172: Iteration 18: No parameters found for UPDATE CleanAir Profiles. Skipping operation. 

01-22-2026 17:20:51 WARNING  WirelessDesign: get_diff_merged: 26172: Iteration 19: No parameters found for ADD dot11ax Configurations. Skipping operation. 

01-22-2026 17:20:51 WARNING  WirelessDesign: get_diff_merged: 26172: Iteration 20: No parameters found for UPDATE dot11ax Configurations. Skipping operation. 

01-22-2026 17:20:51 WARNING  WirelessDesign: get_diff_merged: 26172: Iteration 21: No parameters found for ADD dot11be Configurations. Skipping operation. 

01-22-2026 17:20:51 WARNING  WirelessDesign: get_diff_merged: 26172: Iteration 22: No parameters found for UPDATE dot11be Configurations. Skipping operation. 

01-22-2026 17:20:51 WARNING  WirelessDesign: get_diff_merged: 26172: Iteration 23: No parameters found for ADD Event-Driven RRM Configurations. Skipping operation. 

01-22-2026 17:20:51 WARNING  WirelessDesign: get_diff_merged: 26172: Iteration 24: No parameters found for UPDATE Event-Driven RRM Configurations. Skipping operation. 

01-22-2026 17:20:51 WARNING  WirelessDesign: get_diff_merged: 26172: Iteration 25: No parameters found for ADD FlexConnect Configurations. Skipping operation. 

01-22-2026 17:20:51 WARNING  WirelessDesign: get_diff_merged: 26172: Iteration 26: No parameters found for UPDATE FlexConnect Configurations. Skipping operation. 

01-22-2026 17:20:51 WARNING  WirelessDesign: get_diff_merged: 26172: Iteration 27: No parameters found for ADD Multicast Configurations. Skipping operation. 

01-22-2026 17:20:51 WARNING  WirelessDesign: get_diff_merged: 26172: Iteration 28: No parameters found for UPDATE Multicast Configurations. Skipping operation. 

01-22-2026 17:20:51 WARNING  WirelessDesign: get_diff_merged: 26172: Iteration 29: No parameters found for ADD RRM-FRA Configurations. Skipping operation. 

01-22-2026 17:20:51 WARNING  WirelessDesign: get_diff_merged: 26172: Iteration 30: No parameters found for UPDATE RRM-FRA Configurations. Skipping operation. 

01-22-2026 17:20:51 WARNING  WirelessDesign: get_diff_merged: 26172: Iteration 31: No parameters found for ADD RRM General Configurations. Skipping operation. 

01-22-2026 17:20:51 WARNING  WirelessDesign: get_diff_merged: 26172: Iteration 32: No parameters found for UPDATE RRM General Configurations. Skipping operation. 

01-22-2026 17:20:51 WARNING  WirelessDesign: get_diff_merged: 26172: Iteration 34: No parameters found for UPDATE 802.11be Profiles. Skipping operation. 

01-22-2026 17:20:51 WARNING  WirelessDesign: get_diff_merged: 26172: Iteration 35: No parameters found for UPDATE Flex Connect Configuration. Skipping operation. 

01-22-2026 17:23:33 WARNING  WirelessDesign: get_diff_merged: 26172: Iteration 1: No parameters found for ADD SSIDs. Skipping operation. 

01-22-2026 17:23:33 WARNING  WirelessDesign: get_diff_merged: 26172: Iteration 2: No parameters found for UPDATE SSIDs. Skipping operation. 

01-22-2026 17:23:33 WARNING  WirelessDesign: get_diff_merged: 26172: Iteration 3: No parameters found for ADD Interfaces. Skipping operation. 

01-22-2026 17:23:33 WARNING  WirelessDesign: get_diff_merged: 26172: Iteration 4: No parameters found for UPDATE Interfaces. Skipping operation. 

01-22-2026 17:23:33 WARNING  WirelessDesign: get_diff_merged: 26172: Iteration 5: No parameters found for ADD Power Profiles. Skipping operation. 

01-22-2026 17:23:33 WARNING  WirelessDesign: get_diff_merged: 26172: Iteration 6: No parameters found for UPDATE Power Profiles. Skipping operation. 

01-22-2026 17:23:33 WARNING  WirelessDesign: get_diff_merged: 26172: Iteration 7: No parameters found for ADD Access Point Profiles. Skipping operation. 

01-22-2026 17:23:33 WARNING  WirelessDesign: get_diff_merged: 26172: Iteration 8: No parameters found for UPDATE Access Point Profiles. Skipping operation. 

01-22-2026 17:23:33 WARNING  WirelessDesign: get_diff_merged: 26172: Iteration 9: No parameters found for ADD Radio Frequency Profiles. Skipping operation. 

01-22-2026 17:23:33 WARNING  WirelessDesign: get_diff_merged: 26172: Iteration 10: No parameters found for UPDATE Radio Frequency Profiles. Skipping operation. 

01-22-2026 17:23:33 WARNING  WirelessDesign: get_diff_merged: 26172: Iteration 11: No parameters found for ADD Anchor Groups. Skipping operation. 

01-22-2026 17:23:33 WARNING  WirelessDesign: get_diff_merged: 26172: Iteration 12: No parameters found for UPDATE Anchor Groups. Skipping operation. 

01-22-2026 17:23:33 WARNING  WirelessDesign: get_diff_merged: 26172: Iteration 13: No parameters found for ADD AAA Radius Attributes. Skipping operation. 

01-22-2026 17:23:33 WARNING  WirelessDesign: get_diff_merged: 26172: Iteration 14: No parameters found for UPDATE AAA Radius Attributes. Skipping operation. 

01-22-2026 17:23:33 WARNING  WirelessDesign: get_diff_merged: 26172: Iteration 15: No parameters found for ADD Advanced SSIDs. Skipping operation. 

01-22-2026 17:23:33 WARNING  WirelessDesign: get_diff_merged: 26172: Iteration 16: No parameters found for UPDATE Advanced SSIDs. Skipping operation. 

01-22-2026 17:23:33 WARNING  WirelessDesign: get_diff_merged: 26172: Iteration 17: No parameters found for ADD CleanAir Profiles. Skipping operation. 

01-22-2026 17:23:33 WARNING  WirelessDesign: get_diff_merged: 26172: Iteration 18: No parameters found for UPDATE CleanAir Profiles. Skipping operation. 

01-22-2026 17:23:33 WARNING  WirelessDesign: get_diff_merged: 26172: Iteration 19: No parameters found for ADD dot11ax Configurations. Skipping operation. 

01-22-2026 17:23:33 WARNING  WirelessDesign: get_diff_merged: 26172: Iteration 20: No parameters found for UPDATE dot11ax Configurations. Skipping operation. 

01-22-2026 17:23:33 WARNING  WirelessDesign: get_diff_merged: 26172: Iteration 21: No parameters found for ADD dot11be Configurations. Skipping operation. 

01-22-2026 17:23:33 WARNING  WirelessDesign: get_diff_merged: 26172: Iteration 22: No parameters found for UPDATE dot11be Configurations. Skipping operation. 

01-22-2026 17:23:33 WARNING  WirelessDesign: get_diff_merged: 26172: Iteration 23: No parameters found for ADD Event-Driven RRM Configurations. Skipping operation. 

01-22-2026 17:23:33 WARNING  WirelessDesign: get_diff_merged: 26172: Iteration 24: No parameters found for UPDATE Event-Driven RRM Configurations. Skipping operation. 

01-22-2026 17:23:33 WARNING  WirelessDesign: get_diff_merged: 26172: Iteration 25: No parameters found for ADD FlexConnect Configurations. Skipping operation. 

01-22-2026 17:23:33 WARNING  WirelessDesign: get_diff_merged: 26172: Iteration 26: No parameters found for UPDATE FlexConnect Configurations. Skipping operation. 

01-22-2026 17:23:33 WARNING  WirelessDesign: get_diff_merged: 26172: Iteration 27: No parameters found for ADD Multicast Configurations. Skipping operation. 

01-22-2026 17:23:33 WARNING  WirelessDesign: get_diff_merged: 26172: Iteration 28: No parameters found for UPDATE Multicast Configurations. Skipping operation. 

01-22-2026 17:23:33 WARNING  WirelessDesign: get_diff_merged: 26172: Iteration 29: No parameters found for ADD RRM-FRA Configurations. Skipping operation. 

01-22-2026 17:23:33 WARNING  WirelessDesign: get_diff_merged: 26172: Iteration 30: No parameters found for UPDATE RRM-FRA Configurations. Skipping operation. 

01-22-2026 17:23:33 WARNING  WirelessDesign: get_diff_merged: 26172: Iteration 31: No parameters found for ADD RRM General Configurations. Skipping operation. 

01-22-2026 17:23:33 WARNING  WirelessDesign: get_diff_merged: 26172: Iteration 32: No parameters found for UPDATE RRM General Configurations. Skipping operation. 

01-22-2026 17:23:33 WARNING  WirelessDesign: get_diff_merged: 26172: Iteration 34: No parameters found for UPDATE 802.11be Profiles. Skipping operation. 

01-22-2026 17:23:33 WARNING  WirelessDesign: get_diff_merged: 26172: Iteration 35: No parameters found for UPDATE Flex Connect Configuration. Skipping operation. 

